<?xml version="1.0" encoding="UTF-8"?>
<!-- Generated by org.testng.reporters.JUnitReportReporter -->
<testsuite skipped="0" hostname="Narsimhas-MacBook-Pro.local" name="springerNature.SND.testScripts.SearchTest" tests="1" failures="0" timestamp="2021-10-24T09:02:49 IST" time="12.114" errors="0">
  <testcase name="testLoginToApplicationAndSearch" time="12.114" classname="springerNature.SND.testScripts.SearchTest"/>
  <system-out>
    <![CDATA[testLoginToApplicationAndSearch Test Started..
testLoginToApplicationAndSearch Test Passed..]]>
  </system-out>
</testsuite> <!-- springerNature.SND.testScripts.SearchTest -->
